{"name": "Открытие модального окна авторизации", "status": "failed", "statusDetails": {"message": "AssertionError: Locator expected not to be visible\nActual value: True \nCall log:\nLocatorAssertions.not_to_be_visible with timeout 5000ms\n  - waiting for locator(\".flexColumn.KitModal__Inner\")\n  -   locator resolved to <div data-id=\"172\" data-v-7a880268=\"\" data-size=\"default\" class=\"flexColumn KitModal__Inner\">…</div>\n  -   unexpected value \"visible\"\n  -   locator resolved to <div data-id=\"172\" data-v-7a880268=\"\" data-size=\"default\" class=\"flexColumn KitModal__Inner\">…</div>\n  -   unexpected value \"visible\"\n  -   locator resolved to <div data-id=\"172\" data-v-7a880268=\"\" data-size=\"default\" class=\"flexColumn KitModal__Inner\">…</div>\n  -   unexpected value \"visible\"\n  -   locator resolved to <div data-id=\"172\" data-v-7a880268=\"\" data-size=\"default\" class=\"flexColumn KitModal__Inner\">…</div>\n  -   unexpected value \"visible\"\n  -   locator resolved to <div data-id=\"172\" data-v-7a880268=\"\" data-size=\"default\" class=\"flexColumn KitModal__Inner\">…</div>\n  -   unexpected value \"visible\"\n  -   locator resolved to <div data-id=\"172\" data-v-7a880268=\"\" data-size=\"default\" class=\"flexColumn KitModal__Inner\">…</div>\n  -   unexpected value \"visible\"\n  -   locator resolved to <div data-id=\"172\" data-v-7a880268=\"\" data-size=\"default\" class=\"flexColumn KitModal__Inner\">…</div>\n  -   unexpected value \"visible\"\n  -   locator resolved to <div data-id=\"172\" data-v-7a880268=\"\" data-size=\"default\" class=\"flexColumn KitModal__Inner\">…</div>\n  -   unexpected value \"visible\"\n  -   locator resolved to <div data-id=\"172\" data-v-7a880268=\"\" data-size=\"default\" class=\"flexColumn KitModal__Inner\">…</div>\n  -   unexpected value \"visible\"", "trace": "page_fixture = <Page url='https://garwin.ru/cart'>, base_url = 'https://garwin.ru'\n\n    @pytest.mark.smoke\n    @pytest.mark.testit_case_title(\"Проверка первой успешной загрузки файла\")\n    @allure.title(\"Открытие модального окна авторизации\")\n    def test_cart_autorization_modal(page_fixture, base_url):\n        cart_page = CartPage(page_fixture)\n        autorization = AutorizationModalElement(page_fixture)\n        cart_page.add_to_cart(base_url)\n        cart_page.open(base_url)\n        cart_page.click_order_button()\n        with allure.step(\"Проверяю, что окно аторизаци отображается на странице\"):\n>           expect(autorization.autorization_modal).not_to_be_visible()\nE           AssertionError: Locator expected not to be visible\nE           Actual value: True \nE           Call log:\nE           LocatorAssertions.not_to_be_visible with timeout 5000ms\nE             - waiting for locator(\".flexColumn.KitModal__Inner\")\nE             -   locator resolved to <div data-id=\"172\" data-v-7a880268=\"\" data-size=\"default\" class=\"flexColumn KitModal__Inner\">…</div>\nE             -   unexpected value \"visible\"\nE             -   locator resolved to <div data-id=\"172\" data-v-7a880268=\"\" data-size=\"default\" class=\"flexColumn KitModal__Inner\">…</div>\nE             -   unexpected value \"visible\"\nE             -   locator resolved to <div data-id=\"172\" data-v-7a880268=\"\" data-size=\"default\" class=\"flexColumn KitModal__Inner\">…</div>\nE             -   unexpected value \"visible\"\nE             -   locator resolved to <div data-id=\"172\" data-v-7a880268=\"\" data-size=\"default\" class=\"flexColumn KitModal__Inner\">…</div>\nE             -   unexpected value \"visible\"\nE             -   locator resolved to <div data-id=\"172\" data-v-7a880268=\"\" data-size=\"default\" class=\"flexColumn KitModal__Inner\">…</div>\nE             -   unexpected value \"visible\"\nE             -   locator resolved to <div data-id=\"172\" data-v-7a880268=\"\" data-size=\"default\" class=\"flexColumn KitModal__Inner\">…</div>\nE             -   unexpected value \"visible\"\nE             -   locator resolved to <div data-id=\"172\" data-v-7a880268=\"\" data-size=\"default\" class=\"flexColumn KitModal__Inner\">…</div>\nE             -   unexpected value \"visible\"\nE             -   locator resolved to <div data-id=\"172\" data-v-7a880268=\"\" data-size=\"default\" class=\"flexColumn KitModal__Inner\">…</div>\nE             -   unexpected value \"visible\"\nE             -   locator resolved to <div data-id=\"172\" data-v-7a880268=\"\" data-size=\"default\" class=\"flexColumn KitModal__Inner\">…</div>\nE             -   unexpected value \"visible\"\n\ntests\\test_cart.py:22: AssertionError"}, "steps": [{"name": "Добавляю товар(stm) в корзину", "status": "passed", "parameters": [{"name": "url", "value": "'https://garwin.ru'"}], "start": 1725007022440, "stop": 1725007028629}, {"name": "Открываю https://garwin.ru/cart", "status": "passed", "start": 1725007028629, "stop": 1725007030600}, {"name": "Нажимаю на кнопку 'Оформить заказ'", "status": "passed", "start": 1725007030600, "stop": 1725007031806}, {"name": "Проверяю, что окно аторизаци отображается на странице", "status": "failed", "statusDetails": {"message": "AssertionError: Locator expected not to be visible\nActual value: True \nCall log:\nLocatorAssertions.not_to_be_visible with timeout 5000ms\n  - waiting for locator(\".flexColumn.KitModal__Inner\")\n  -   locator resolved to <div data-id=\"172\" data-v-7a880268=\"\" data-size=\"default\" class=\"flexColumn KitModal__Inner\">…</div>\n  -   unexpected value \"visible\"\n  -   locator resolved to <div data-id=\"172\" data-v-7a880268=\"\" data-size=\"default\" class=\"flexColumn KitModal__Inner\">…</div>\n  -   unexpected value \"visible\"\n  -   locator resolved to <div data-id=\"172\" data-v-7a880268=\"\" data-size=\"default\" class=\"flexColumn KitModal__Inner\">…</div>\n  -   unexpected value \"visible\"\n  -   locator resolved to <div data-id=\"172\" data-v-7a880268=\"\" data-size=\"default\" class=\"flexColumn KitModal__Inner\">…</div>\n  -   unexpected value \"visible\"\n  -   locator resolved to <div data-id=\"172\" data-v-7a880268=\"\" data-size=\"default\" class=\"flexColumn KitModal__Inner\">…</div>\n  -   unexpected value \"visible\"\n  -   locator resolved to <div data-id=\"172\" data-v-7a880268=\"\" data-size=\"default\" class=\"flexColumn KitModal__Inner\">…</div>\n  -   unexpected value \"visible\"\n  -   locator resolved to <div data-id=\"172\" data-v-7a880268=\"\" data-size=\"default\" class=\"flexColumn KitModal__Inner\">…</div>\n  -   unexpected value \"visible\"\n  -   locator resolved to <div data-id=\"172\" data-v-7a880268=\"\" data-size=\"default\" class=\"flexColumn KitModal__Inner\">…</div>\n  -   unexpected value \"visible\"\n  -   locator resolved to <div data-id=\"172\" data-v-7a880268=\"\" data-size=\"default\" class=\"flexColumn KitModal__Inner\">…</div>\n  -   unexpected value \"visible\"\n\n", "trace": "  File \"C:\\Users\\yurin.a\\PycharmProjects\\playwright_tests_UI\\tests\\test_cart.py\", line 22, in test_cart_autorization_modal\n    expect(autorization.autorization_modal).not_to_be_visible()\n  File \"C:\\Users\\yurin.a\\PycharmProjects\\playwright_tests_UI\\.venv\\Lib\\site-packages\\playwright\\sync_api\\_generated.py\", line 19779, in not_to_be_visible\n    self._sync(\n  File \"C:\\Users\\yurin.a\\PycharmProjects\\playwright_tests_UI\\.venv\\Lib\\site-packages\\playwright\\_impl\\_sync_base.py\", line 115, in _sync\n    return task.result()\n           ^^^^^^^^^^^^^\n  File \"C:\\Users\\yurin.a\\PycharmProjects\\playwright_tests_UI\\.venv\\Lib\\site-packages\\playwright\\_impl\\_assertions.py\", line 677, in not_to_be_visible\n    await self._not.to_be_visible(visible, timeout)\n  File \"C:\\Users\\yurin.a\\PycharmProjects\\playwright_tests_UI\\.venv\\Lib\\site-packages\\playwright\\_impl\\_assertions.py\", line 664, in to_be_visible\n    await self._expect_impl(\n  File \"C:\\Users\\yurin.a\\PycharmProjects\\playwright_tests_UI\\.venv\\Lib\\site-packages\\playwright\\_impl\\_assertions.py\", line 74, in _expect_impl\n    raise AssertionError(\n"}, "start": 1725007031806, "stop": 1725007036810}], "parameters": [{"name": "browser_name", "value": "'chromium'"}], "start": 1725007022440, "stop": 1725007036812, "uuid": "ed58e2f8-75b6-4bea-acf6-4d41cfe339fd", "historyId": "4a9bc56061e11d4c6fb7e4f2b8da5101", "testCaseId": "632585a2edb494c00bb2bb564c162bce", "fullName": "tests.test_cart#test_cart_autorization_modal", "labels": [{"name": "tag", "value": "testit_case_title('Проверка первой успешной загрузки файла')"}, {"name": "tag", "value": "smoke"}, {"name": "parentSuite", "value": "tests"}, {"name": "suite", "value": "test_cart"}, {"name": "host", "value": "garagenote-234"}, {"name": "thread", "value": "38260-MainThread"}, {"name": "framework", "value": "pytest"}, {"name": "language", "value": "cpython3"}, {"name": "package", "value": "tests.test_cart"}]}